Vercel CLI 50.1.3
Retrieving project…
Deploying dmonhaloo-6470s-projects/dcarcarsellingapp2
Uploading [--------------------] (0.0B/94B)
Uploading [====================] (94.0B/94B)
Inspect: https://vercel.com/dmonhaloo-6470s-projects/dcarcarsellingapp2/Ect9f2ddfDqQzF3KFjnxCVCppMmE [5s]
Production: https://dcarcarsellingapp2-hxnb1dr7i-dmonhaloo-6470s-projects.vercel.app [5s]
https://dcarcarsellingapp2-hxnb1dr7i-dmonhaloo-6470s-projects.vercel.appBuilding...
Building...
Building: Running build in Washington, D.C., USA (East) – iad1
Building: Build machine configuration: 2 cores, 8 GB
Building: Retrieving list of deployment files...
Building: Previous build caches not available.
Building: Downloading 197 deployment files...
Building: Running "vercel build"
Building: Vercel CLI 50.4.4
Building: Detected `pnpm-lock.yaml` 9 which may be generated by pnpm@9.x or pnpm@10.x
Building: Using pnpm@10.x based on project creation date
Building: To use pnpm@9.x, manually opt in using corepack (https://vercel.com/docs/deployments/configure-a-build#corepack)
Building: Running "install" command: `npm install --legacy-peer-deps`...
Building: npm warn deprecated node-domexception@1.0.0: Use your platform's native DOMException instead
Building: added 448 packages, and audited 449 packages in 15s
Building: 75 packages are looking for funding
Building: run `npm fund` for details
Building: 2 low severity vulnerabilities
Building: To address all issues (including breaking changes), run:
Building: npm audit fix --force
Building: Run `npm audit` for details.
Building: Detected Next.js version: 16.0.10
Building: Running "npm run build"
Building: > dcar-ecommerce-platform@1.0.0 prebuild
Building: > pnpm type-check
Building: > dcar-ecommerce-platform@1.0.0 type-check /vercel/path0
Building: > tsc --noEmit
Building: > dcar-ecommerce-platform@1.0.0 build
Building: > next build
Building: Attention: Next.js now collects completely anonymous telemetry regarding usage.
Building: This information is used to shape Next.js' roadmap and prioritize features.
Building: You can learn more, including how to opt-out if you'd not like to participate in this anonymous program, by visiting the following URL:
Building: https://nextjs.org/telemetry
Building: ▲ Next.js 16.0.10 (Turbopack)
Building: - Experiments (use with caution):
Building: · staticGenerationRetryCount: 0
Building: Creating an optimized production build ...
Building: ✓ Compiled successfully in 7.5s
Building: Skipping validation of types
Building: Collecting page data using 1 worker ...
Building: Generating static pages using 1 worker (0/26) ...
Building: Finalizing page optimization ...
Building: Route (app)                                Revalidate
Building: ┌ ○ /                                              1m
Building: ├ ○ /_not-found
Building: ├ ○ /admin
Building: ├ ○ /admin/cars
Building: ├ ƒ /admin/cars/[id]/edit
Building: ├ ○ /admin/cars/new
Building: ├ ○ /admin/files
Building: ├ ○ /admin/inquiries
Building: ├ ○ /admin/products
Building: ├ ○ /admin/products/new
Building: ├ ○ /admin/submissions
Building: ├ ○ /api/admin/auth
Building: ├ ○ /api/admin/files
Building: ├ ○ /api/admin/products
Building: ├ ƒ /api/admin/products/[id]/upload-image
Building: ├ ○ /api/admin/submissions
Building: ├ ○ /api/admin/upload
Building: ├ ○ /api/admin/verify-code
Building: ├ ○ /api/cars
Building: ├ ƒ /api/cars/[id]
Building: ├ ○ /api/files
Building: ├ ○ /api/inquiries
Building: ├ ○ /api/submissions/file-upload
Building: ├ ○ /api/submissions/inquiry
Building: ├ ○ /api/submissions/newsletter
Building: ├ ○ /api/upload
Building: ├ ○ /cars
Building: ├ ƒ /cars/[id]
Building: └ ○ /files
Building: ○  (Static)   prerendered as static content
Building: ƒ  (Dynamic)  server-rendered on demand
Building: > dcar-ecommerce-platform@1.0.0 postbuild
Building: > echo 'Build completed successfully'
Building: Build completed successfully
Building: Traced Next.js server files in: 32.405ms
Building: Created all serverless functions in: 233.485ms
Building: Collected static files (public/, static/, .next/static): 11.762ms
Building: Error: ENOENT: no such file or directory, open '/vercel/path0/.next/server/app/_global-error.rsc'
Error: ENOENT: no such file or directory, open '/vercel/path0/.next/server/app/_global-error.rsc'
